2018-04-23 11:30:55,892 [INFO] from application in play-dev-mode-akka.actor.default-dispatcher-4 - Creating Pool for datasource 'default'
2018-04-23 11:30:56,181 [INFO] from play.api.db.DefaultDBApi in play-dev-mode-akka.actor.default-dispatcher-4 - Database [default] connected at jdbc:h2:file:./data/productsDB
2018-04-23 11:30:57,447 [WARN] from org.hibernate.validator.messageinterpolation.ParameterMessageInterpolator in play-dev-mode-akka.actor.default-dispatcher-4 - HV000184: ParameterMessageInterpolator has been chosen, EL interpolation will not be supported
2018-04-23 11:30:57,674 [INFO] from play.api.http.EnabledFilters in play-dev-mode-akka.actor.default-dispatcher-4 - Enabled Filters (see <https://www.playframework.com/documentation/latest/Filters>):

    play.filters.csrf.CSRFFilter
    play.filters.headers.SecurityHeadersFilter
    play.filters.hosts.AllowedHostsFilter
    filters.ExampleFilter

2018-04-23 11:30:57,696 [INFO] from play.api.Play in play-dev-mode-akka.actor.default-dispatcher-4 - Application started (Dev)
2018-04-23 11:30:58,216 [ERROR] from akka.actor.ActorSystemImpl in application-akka.actor.default-dispatcher-6 - Uncaught error from thread [application-akka.actor.default-dispatcher-8]: null, shutting down JVM since 'akka.jvm-exit-on-fatal-error' is enabled for ActorSystem[application]
java.lang.StackOverflowError: null
	at scala.collection.generic.Growable.$anonfun$$plus$plus$eq$1(Growable.scala:59)
	at scala.collection.IndexedSeqOptimized.foreach(IndexedSeqOptimized.scala:32)
	at scala.collection.IndexedSeqOptimized.foreach$(IndexedSeqOptimized.scala:29)
	at scala.collection.mutable.WrappedArray.foreach(WrappedArray.scala:38)
	at scala.collection.generic.Growable.$plus$plus$eq(Growable.scala:59)
	at scala.collection.generic.Growable.$plus$plus$eq$(Growable.scala:50)
	at scala.collection.mutable.ListBuffer.$plus$plus$eq(ListBuffer.scala:186)
	at scala.collection.mutable.ListBuffer.$plus$plus$eq(ListBuffer.scala:44)
	at scala.collection.generic.GenericCompanion.apply(GenericCompanion.scala:49)
	at views.html.main$.apply(main.template.scala:68)
	at views.html.main$.apply(main.template.scala:39)
	at views.html.main$.apply(main.template.scala:39)
	at views.html.main$.apply(main.template.scala:39)
	at views.html.main$.apply(main.template.scala:39)
	at views.html.main$.apply(main.template.scala:39)
	at views.html.main$.apply(main.template.scala:39)
	at views.html.main$.apply(main.template.scala:39)
	at views.html.main$.apply(main.template.scala:39)
	at views.html.main$.apply(main.template.scala:39)
	at views.html.main$.apply(main.template.scala:39)
	at views.html.main$.apply(main.template.scala:39)
	at views.html.main$.apply(main.template.scala:39)
	at views.html.main$.apply(main.template.scala:39)
	at views.html.main$.apply(main.template.scala:39)
	at views.html.main$.apply(main.template.scala:39)
	at views.html.main$.apply(main.template.scala:39)
	at views.html.main$.apply(main.template.scala:39)
	at views.html.main$.apply(main.template.scala:39)
	at views.html.main$.apply(main.template.scala:39)
	at views.html.main$.apply(main.template.scala:39)
	at views.html.main$.apply(main.template.scala:39)
	at views.html.main$.apply(main.template.scala:39)
	at views.html.main$.apply(main.template.scala:39)
	at views.html.main$.apply(main.template.scala:39)
	at views.html.main$.apply(main.template.scala:39)
	at views.html.main$.apply(main.template.scala:39)
	at views.html.main$.apply(main.template.scala:39)
	at views.html.main$.apply(main.template.scala:39)
	at views.html.main$.apply(main.template.scala:39)
	at views.html.main$.apply(main.template.scala:39)
	at views.html.main$.apply(main.template.scala:39)
	at views.html.main$.apply(main.template.scala:39)
	at views.html.main$.apply(main.template.scala:39)
	at views.html.main$.apply(main.template.scala:39)
	at views.html.main$.apply(main.template.scala:39)
	at views.html.main$.apply(main.template.scala:39)
	at views.html.main$.apply(main.template.scala:39)
	at views.html.main$.apply(main.template.scala:39)
	at views.html.main$.apply(main.template.scala:39)
	at views.html.main$.apply(main.template.scala:39)
	at views.html.main$.apply(main.template.scala:39)
	at views.html.main$.apply(main.template.scala:39)
	at views.html.main$.apply(main.template.scala:39)
	at views.html.main$.apply(main.template.scala:39)
	at views.html.main$.apply(main.template.scala:39)
	at views.html.main$.apply(main.template.scala:39)
	at views.html.main$.apply(main.template.scala:39)
	at views.html.main$.apply(main.template.scala:39)
	at views.html.main$.apply(main.template.scala:39)
	at views.html.main$.apply(main.template.scala:39)
	at views.html.main$.apply(main.template.scala:39)
	at views.html.main$.apply(main.template.scala:39)
	at views.html.main$.apply(main.template.scala:39)
	at views.html.main$.apply(main.template.scala:39)
	at views.html.main$.apply(main.template.scala:39)
	at views.html.main$.apply(main.template.scala:39)
	at views.html.main$.apply(main.template.scala:39)
	at views.html.main$.apply(main.template.scala:39)
	at views.html.main$.apply(main.template.scala:39)
	at views.html.main$.apply(main.template.scala:39)
	at views.html.main$.apply(main.template.scala:39)
	at views.html.main$.apply(main.template.scala:39)
	at views.html.main$.apply(main.template.scala:39)
	at views.html.main$.apply(main.template.scala:39)
	at views.html.main$.apply(main.template.scala:39)
	at views.html.main$.apply(main.template.scala:39)
	at views.html.main$.apply(main.template.scala:39)
	at views.html.main$.apply(main.template.scala:39)
	at views.html.main$.apply(main.template.scala:39)
	at views.html.main$.apply(main.template.scala:39)
	at views.html.main$.apply(main.template.scala:39)
	at views.html.main$.apply(main.template.scala:39)
	at views.html.main$.apply(main.template.scala:39)
	at views.html.main$.apply(main.template.scala:39)
	at views.html.main$.apply(main.template.scala:39)
	at views.html.main$.apply(main.template.scala:39)
	at views.html.main$.apply(main.template.scala:39)
	at views.html.main$.apply(main.template.scala:39)
	at views.html.main$.apply(main.template.scala:39)
	at views.html.main$.apply(main.template.scala:39)
	at views.html.main$.apply(main.template.scala:39)
	at views.html.main$.apply(main.template.scala:39)
	at views.html.main$.apply(main.template.scala:39)
	at views.html.main$.apply(main.template.scala:39)
	at views.html.main$.apply(main.template.scala:39)
	at views.html.main$.apply(main.template.scala:39)
	at views.html.main$.apply(main.template.scala:39)
	at views.html.main$.apply(main.template.scala:39)
	at views.html.main$.apply(main.template.scala:39)
	at views.html.main$.apply(main.template.scala:39)
	at views.html.main$.apply(main.template.scala:39)
	at views.html.main$.apply(main.template.scala:39)
	at views.html.main$.apply(main.template.scala:39)
	at views.html.main$.apply(main.template.scala:39)
	at views.html.main$.apply(main.template.scala:39)
	at views.html.main$.apply(main.template.scala:39)
	at views.html.main$.apply(main.template.scala:39)
	at views.html.main$.apply(main.template.scala:39)
	at views.html.main$.apply(main.template.scala:39)
	at views.html.main$.apply(main.template.scala:39)
	at views.html.main$.apply(main.template.scala:39)
	at views.html.main$.apply(main.template.scala:39)
	at views.html.main$.apply(main.template.scala:39)
	at views.html.main$.apply(main.template.scala:39)
	at views.html.main$.apply(main.template.scala:39)
	at views.html.main$.apply(main.template.scala:39)
	at views.html.main$.apply(main.template.scala:39)
	at views.html.main$.apply(main.template.scala:39)
	at views.html.main$.apply(main.template.scala:39)
	at views.html.main$.apply(main.template.scala:39)
	at views.html.main$.apply(main.template.scala:39)
	at views.html.main$.apply(main.template.scala:39)
	at views.html.main$.apply(main.template.scala:39)
	at views.html.main$.apply(main.template.scala:39)
	at views.html.main$.apply(main.template.scala:39)
	at views.html.main$.apply(main.template.scala:39)
	at views.html.main$.apply(main.template.scala:39)
	at views.html.main$.apply(main.template.scala:39)
	at views.html.main$.apply(main.template.scala:39)
	at views.html.main$.apply(main.template.scala:39)
	at views.html.main$.apply(main.template.scala:39)
	at views.html.main$.apply(main.template.scala:39)
	at views.html.main$.apply(main.template.scala:39)
	at views.html.main$.apply(main.template.scala:39)
	at views.html.main$.apply(main.template.scala:39)
	at views.html.main$.apply(main.template.scala:39)
	at views.html.main$.apply(main.template.scala:39)
	at views.html.main$.apply(main.template.scala:39)
	at views.html.main$.apply(main.template.scala:39)
	at views.html.main$.apply(main.template.scala:39)
	at views.html.main$.apply(main.template.scala:39)
	at views.html.main$.apply(main.template.scala:39)
	at views.html.main$.apply(main.template.scala:39)
	at views.html.main$.apply(main.template.scala:39)
	at views.html.main$.apply(main.template.scala:39)
	at views.html.main$.apply(main.template.scala:39)
	at views.html.main$.apply(main.template.scala:39)
	at views.html.main$.apply(main.template.scala:39)
	at views.html.main$.apply(main.template.scala:39)
	at views.html.main$.apply(main.template.scala:39)
	at views.html.main$.apply(main.template.scala:39)
	at views.html.main$.apply(main.template.scala:39)
	at views.html.main$.apply(main.template.scala:39)
	at views.html.main$.apply(main.template.scala:39)
	at views.html.main$.apply(main.template.scala:39)
	at views.html.main$.apply(main.template.scala:39)
	at views.html.main$.apply(main.template.scala:39)
	at views.html.main$.apply(main.template.scala:39)
	at views.html.main$.apply(main.template.scala:39)
	at views.html.main$.apply(main.template.scala:39)
	at views.html.main$.apply(main.template.scala:39)
	at views.html.main$.apply(main.template.scala:39)
	at views.html.main$.apply(main.template.scala:39)
	at views.html.main$.apply(main.template.scala:39)
	at views.html.main$.apply(main.template.scala:39)
	at views.html.main$.apply(main.template.scala:39)
	at views.html.main$.apply(main.template.scala:39)
	at views.html.main$.apply(main.template.scala:39)
	at views.html.main$.apply(main.template.scala:39)
	at views.html.main$.apply(main.template.scala:39)
	at views.html.main$.apply(main.template.scala:39)
	at views.html.main$.apply(main.template.scala:39)
	at views.html.main$.apply(main.template.scala:39)
	at views.html.main$.apply(main.template.scala:39)
	at views.html.main$.apply(main.template.scala:39)
	at views.html.main$.apply(main.template.scala:39)
	at views.html.main$.apply(main.template.scala:39)
	at views.html.main$.apply(main.template.scala:39)
	at views.html.main$.apply(main.template.scala:39)
	at views.html.main$.apply(main.template.scala:39)
	at views.html.main$.apply(main.template.scala:39)
	at views.html.main$.apply(main.template.scala:39)
	at views.html.main$.apply(main.template.scala:39)
	at views.html.main$.apply(main.template.scala:39)
	at views.html.main$.apply(main.template.scala:39)
	at views.html.main$.apply(main.template.scala:39)
	at views.html.main$.apply(main.template.scala:39)
	at views.html.main$.apply(main.template.scala:39)
	at views.html.main$.apply(main.template.scala:39)
	at views.html.main$.apply(main.template.scala:39)
	at views.html.main$.apply(main.template.scala:39)
	at views.html.main$.apply(main.template.scala:39)
	at views.html.main$.apply(main.template.scala:39)
	at views.html.main$.apply(main.template.scala:39)
	at views.html.main$.apply(main.template.scala:39)
	at views.html.main$.apply(main.template.scala:39)
	at views.html.main$.apply(main.template.scala:39)
	at views.html.main$.apply(main.template.scala:39)
	at views.html.main$.apply(main.template.scala:39)
	at views.html.main$.apply(main.template.scala:39)
	at views.html.main$.apply(main.template.scala:39)
	at views.html.main$.apply(main.template.scala:39)
	at views.html.main$.apply(main.template.scala:39)
	at views.html.main$.apply(main.template.scala:39)
	at views.html.main$.apply(main.template.scala:39)
	at views.html.main$.apply(main.template.scala:39)
	at views.html.main$.apply(main.template.scala:39)
	at views.html.main$.apply(main.template.scala:39)
	at views.html.main$.apply(main.template.scala:39)
	at views.html.main$.apply(main.template.scala:39)
	at views.html.main$.apply(main.template.scala:39)
	at views.html.main$.apply(main.template.scala:39)
	at views.html.main$.apply(main.template.scala:39)
	at views.html.main$.apply(main.template.scala:39)
	at views.html.main$.apply(main.template.scala:39)
	at views.html.main$.apply(main.template.scala:39)
	at views.html.main$.apply(main.template.scala:39)
	at views.html.main$.apply(main.template.scala:39)
	at views.html.main$.apply(main.template.scala:39)
	at views.html.main$.apply(main.template.scala:39)
	at views.html.main$.apply(main.template.scala:39)
	at views.html.main$.apply(main.template.scala:39)
	at views.html.main$.apply(main.template.scala:39)
	at views.html.main$.apply(main.template.scala:39)
	at views.html.main$.apply(main.template.scala:39)
	at views.html.main$.apply(main.template.scala:39)
	at views.html.main$.apply(main.template.scala:39)
	at views.html.main$.apply(main.template.scala:39)
	at views.html.main$.apply(main.template.scala:39)
	at views.html.main$.apply(main.template.scala:39)
	at views.html.main$.apply(main.template.scala:39)
	at views.html.main$.apply(main.template.scala:39)
	at views.html.main$.apply(main.template.scala:39)
	at views.html.main$.apply(main.template.scala:39)
	at views.html.main$.apply(main.template.scala:39)
	at views.html.main$.apply(main.template.scala:39)
	at views.html.main$.apply(main.template.scala:39)
	at views.html.main$.apply(main.template.scala:39)
	at views.html.main$.apply(main.template.scala:39)
	at views.html.main$.apply(main.template.scala:39)
	at views.html.main$.apply(main.template.scala:39)
	at views.html.main$.apply(main.template.scala:39)
	at views.html.main$.apply(main.template.scala:39)
	at views.html.main$.apply(main.template.scala:39)
	at views.html.main$.apply(main.template.scala:39)
	at views.html.main$.apply(main.template.scala:39)
	at views.html.main$.apply(main.template.scala:39)
	at views.html.main$.apply(main.template.scala:39)
	at views.html.main$.apply(main.template.scala:39)
	at views.html.main$.apply(main.template.scala:39)
	at views.html.main$.apply(main.template.scala:39)
	at views.html.main$.apply(main.template.scala:39)
	at views.html.main$.apply(main.template.scala:39)
	at views.html.main$.apply(main.template.scala:39)
	at views.html.main$.apply(main.template.scala:39)
	at views.html.main$.apply(main.template.scala:39)
	at views.html.main$.apply(main.template.scala:39)
	at views.html.main$.apply(main.template.scala:39)
	at views.html.main$.apply(main.template.scala:39)
	at views.html.main$.apply(main.template.scala:39)
	at views.html.main$.apply(main.template.scala:39)
	at views.html.main$.apply(main.template.scala:39)
	at views.html.main$.apply(main.template.scala:39)
	at views.html.main$.apply(main.template.scala:39)
	at views.html.main$.apply(main.template.scala:39)
	at views.html.main$.apply(main.template.scala:39)
	at views.html.main$.apply(main.template.scala:39)
	at views.html.main$.apply(main.template.scala:39)
	at views.html.main$.apply(main.template.scala:39)
	at views.html.main$.apply(main.template.scala:39)
	at views.html.main$.apply(main.template.scala:39)
	at views.html.main$.apply(main.template.scala:39)
	at views.html.main$.apply(main.template.scala:39)
	at views.html.main$.apply(main.template.scala:39)
	at views.html.main$.apply(main.template.scala:39)
	at views.html.main$.apply(main.template.scala:39)
	at views.html.main$.apply(main.template.scala:39)
	at views.html.main$.apply(main.template.scala:39)
	at views.html.main$.apply(main.template.scala:39)
	at views.html.main$.apply(main.template.scala:39)
	at views.html.main$.apply(main.template.scala:39)
	at views.html.main$.apply(main.template.scala:39)
	at views.html.main$.apply(main.template.scala:39)
	at views.html.main$.apply(main.template.scala:39)
	at views.html.main$.apply(main.template.scala:39)
	at views.html.main$.apply(main.template.scala:39)
	at views.html.main$.apply(main.template.scala:39)
	at views.html.main$.apply(main.template.scala:39)
	at views.html.main$.apply(main.template.scala:39)
	at views.html.main$.apply(main.template.scala:39)
	at views.html.main$.apply(main.template.scala:39)
	at views.html.main$.apply(main.template.scala:39)
	at views.html.main$.apply(main.template.scala:39)
	at views.html.main$.apply(main.template.scala:39)
	at views.html.main$.apply(main.template.scala:39)
	at views.html.main$.apply(main.template.scala:39)
	at views.html.main$.apply(main.template.scala:39)
	at views.html.main$.apply(main.template.scala:39)
	at views.html.main$.apply(main.template.scala:39)
	at views.html.main$.apply(main.template.scala:39)
	at views.html.main$.apply(main.template.scala:39)
	at views.html.main$.apply(main.template.scala:39)
	at views.html.main$.apply(main.template.scala:39)
	at views.html.main$.apply(main.template.scala:39)
	at views.html.main$.apply(main.template.scala:39)
	at views.html.main$.apply(main.template.scala:39)
	at views.html.main$.apply(main.template.scala:39)
	at views.html.main$.apply(main.template.scala:39)
	at views.html.main$.apply(main.template.scala:39)
	at views.html.main$.apply(main.template.scala:39)
	at views.html.main$.apply(main.template.scala:39)
	at views.html.main$.apply(main.template.scala:39)
	at views.html.main$.apply(main.template.scala:39)
	at views.html.main$.apply(main.template.scala:39)
	at views.html.main$.apply(main.template.scala:39)
	at views.html.main$.apply(main.template.scala:39)
	at views.html.main$.apply(main.template.scala:39)
	at views.html.main$.apply(main.template.scala:39)
	at views.html.main$.apply(main.template.scala:39)
	at views.html.main$.apply(main.template.scala:39)
	at views.html.main$.apply(main.template.scala:39)
	at views.html.main$.apply(main.template.scala:39)
	at views.html.main$.apply(main.template.scala:39)
	at views.html.main$.apply(main.template.scala:39)
	at views.html.main$.apply(main.template.scala:39)
	at views.html.main$.apply(main.template.scala:39)
	at views.html.main$.apply(main.template.scala:39)
	at views.html.main$.apply(main.template.scala:39)
	at views.html.main$.apply(main.template.scala:39)
	at views.html.main$.apply(main.template.scala:39)
	at views.html.main$.apply(main.template.scala:39)
	at views.html.main$.apply(main.template.scala:39)
	at views.html.main$.apply(main.template.scala:39)
	at views.html.main$.apply(main.template.scala:39)
	at views.html.main$.apply(main.template.scala:39)
	at views.html.main$.apply(main.template.scala:39)
	at views.html.main$.apply(main.template.scala:39)
	at views.html.main$.apply(main.template.scala:39)
	at views.html.main$.apply(main.template.scala:39)
	at views.html.main$.apply(main.template.scala:39)
	at views.html.main$.apply(main.template.scala:39)
	at views.html.main$.apply(main.template.scala:39)
	at views.html.main$.apply(main.template.scala:39)
	at views.html.main$.apply(main.template.scala:39)
	at views.html.main$.apply(main.template.scala:39)
	at views.html.main$.apply(main.template.scala:39)
	at views.html.main$.apply(main.template.scala:39)
	at views.html.main$.apply(main.template.scala:39)
	at views.html.main$.apply(main.template.scala:39)
	at views.html.main$.apply(main.template.scala:39)
	at views.html.main$.apply(main.template.scala:39)
	at views.html.main$.apply(main.template.scala:39)
	at views.html.main$.apply(main.template.scala:39)
	at views.html.main$.apply(main.template.scala:39)
	at views.html.main$.apply(main.template.scala:39)
	at views.html.main$.apply(main.template.scala:39)
	at views.html.main$.apply(main.template.scala:39)
	at views.html.main$.apply(main.template.scala:39)
	at views.html.main$.apply(main.template.scala:39)
	at views.html.main$.apply(main.template.scala:39)
	at views.html.main$.apply(main.template.scala:39)
	at views.html.main$.apply(main.template.scala:39)
	at views.html.main$.apply(main.template.scala:39)
	at views.html.main$.apply(main.template.scala:39)
	at views.html.main$.apply(main.template.scala:39)
	at views.html.main$.apply(main.template.scala:39)
	at views.html.main$.apply(main.template.scala:39)
	at views.html.main$.apply(main.template.scala:39)
	at views.html.main$.apply(main.template.scala:39)
	at views.html.main$.apply(main.template.scala:39)
	at views.html.main$.apply(main.template.scala:39)
	at views.html.main$.apply(main.template.scala:39)
	at views.html.main$.apply(main.template.scala:39)
	at views.html.main$.apply(main.template.scala:39)
	at views.html.main$.apply(main.template.scala:39)
	at views.html.main$.apply(main.template.scala:39)
	at views.html.main$.apply(main.template.scala:39)
	at views.html.main$.apply(main.template.scala:39)
	at views.html.main$.apply(main.template.scala:39)
	at views.html.main$.apply(main.template.scala:39)
	at views.html.main$.apply(main.template.scala:39)
	at views.html.main$.apply(main.template.scala:39)
	at views.html.main$.apply(main.template.scala:39)
	at views.html.main$.apply(main.template.scala:39)
	at views.html.main$.apply(main.template.scala:39)
	at views.html.main$.apply(main.template.scala:39)
	at views.html.main$.apply(main.template.scala:39)
	at views.html.main$.apply(main.template.scala:39)
	at views.html.main$.apply(main.template.scala:39)
	at views.html.main$.apply(main.template.scala:39)
	at views.html.main$.apply(main.template.scala:39)
	at views.html.main$.apply(main.template.scala:39)
	at views.html.main$.apply(main.template.scala:39)
	at views.html.main$.apply(main.template.scala:39)
	at views.html.main$.apply(main.template.scala:39)
	at views.html.main$.apply(main.template.scala:39)
	at views.html.main$.apply(main.template.scala:39)
	at views.html.main$.apply(main.template.scala:39)
	at views.html.main$.apply(main.template.scala:39)
	at views.html.main$.apply(main.template.scala:39)
	at views.html.main$.apply(main.template.scala:39)
	at views.html.main$.apply(main.template.scala:39)
	at views.html.main$.apply(main.template.scala:39)
	at views.html.main$.apply(main.template.scala:39)
	at views.html.main$.apply(main.template.scala:39)
	at views.html.main$.apply(main.template.scala:39)
	at views.html.main$.apply(main.template.scala:39)
	at views.html.main$.apply(main.template.scala:39)
	at views.html.main$.apply(main.template.scala:39)
	at views.html.main$.apply(main.template.scala:39)
	at views.html.main$.apply(main.template.scala:39)
	at views.html.main$.apply(main.template.scala:39)
	at views.html.main$.apply(main.template.scala:39)
	at views.html.main$.apply(main.template.scala:39)
	at views.html.main$.apply(main.template.scala:39)
	at views.html.main$.apply(main.template.scala:39)
	at views.html.main$.apply(main.template.scala:39)
	at views.html.main$.apply(main.template.scala:39)
	at views.html.main$.apply(main.template.scala:39)
	at views.html.main$.apply(main.template.scala:39)
	at views.html.main$.apply(main.template.scala:39)
	at views.html.main$.apply(main.template.scala:39)
	at views.html.main$.apply(main.template.scala:39)
	at views.html.main$.apply(main.template.scala:39)
	at views.html.main$.apply(main.template.scala:39)
	at views.html.main$.apply(main.template.scala:39)
	at views.html.main$.apply(main.template.scala:39)
	at views.html.main$.apply(main.template.scala:39)
	at views.html.main$.apply(main.template.scala:39)
	at views.html.main$.apply(main.template.scala:39)
	at views.html.main$.apply(main.template.scala:39)
	at views.html.main$.apply(main.template.scala:39)
	at views.html.main$.apply(main.template.scala:39)
	at views.html.main$.apply(main.template.scala:39)
	at views.html.main$.apply(main.template.scala:39)
	at views.html.main$.apply(main.template.scala:39)
	at views.html.main$.apply(main.template.scala:39)
	at views.html.main$.apply(main.template.scala:39)
	at views.html.main$.apply(main.template.scala:39)
	at views.html.main$.apply(main.template.scala:39)
	at views.html.main$.apply(main.template.scala:39)
	at views.html.main$.apply(main.template.scala:39)
	at views.html.main$.apply(main.template.scala:39)
	at views.html.main$.apply(main.template.scala:39)
	at views.html.main$.apply(main.template.scala:39)
	at views.html.main$.apply(main.template.scala:39)
	at views.html.main$.apply(main.template.scala:39)
	at views.html.main$.apply(main.template.scala:39)
	at views.html.main$.apply(main.template.scala:39)
	at views.html.main$.apply(main.template.scala:39)
	at views.html.main$.apply(main.template.scala:39)
	at views.html.main$.apply(main.template.scala:39)
	at views.html.main$.apply(main.template.scala:39)
	at views.html.main$.apply(main.template.scala:39)
	at views.html.main$.apply(main.template.scala:39)
	at views.html.main$.apply(main.template.scala:39)
	at views.html.main$.apply(main.template.scala:39)
	at views.html.main$.apply(main.template.scala:39)
	at views.html.main$.apply(main.template.scala:39)
	at views.html.main$.apply(main.template.scala:39)
	at views.html.main$.apply(main.template.scala:39)
	at views.html.main$.apply(main.template.scala:39)
	at views.html.main$.apply(main.template.scala:39)
	at views.html.main$.apply(main.template.scala:39)
	at views.html.main$.apply(main.template.scala:39)
	at views.html.main$.apply(main.template.scala:39)
	at views.html.main$.apply(main.template.scala:39)
	at views.html.main$.apply(main.template.scala:39)
	at views.html.main$.apply(main.template.scala:39)
	at views.html.main$.apply(main.template.scala:39)
	at views.html.main$.apply(main.template.scala:39)
	at views.html.main$.apply(main.template.scala:39)
	at views.html.main$.apply(main.template.scala:39)
	at views.html.main$.apply(main.template.scala:39)
	at views.html.main$.apply(main.template.scala:39)
	at views.html.main$.apply(main.template.scala:39)
	at views.html.main$.apply(main.template.scala:39)
	at views.html.main$.apply(main.template.scala:39)
	at views.html.main$.apply(main.template.scala:39)
	at views.html.main$.apply(main.template.scala:39)
	at views.html.main$.apply(main.template.scala:39)
	at views.html.main$.apply(main.template.scala:39)
	at views.html.main$.apply(main.template.scala:39)
	at views.html.main$.apply(main.template.scala:39)
	at views.html.main$.apply(main.template.scala:39)
	at views.html.main$.apply(main.template.scala:39)
	at views.html.main$.apply(main.template.scala:39)
	at views.html.main$.apply(main.template.scala:39)
	at views.html.main$.apply(main.template.scala:39)
	at views.html.main$.apply(main.template.scala:39)
	at views.html.main$.apply(main.template.scala:39)
	at views.html.main$.apply(main.template.scala:39)
	at views.html.main$.apply(main.template.scala:39)
	at views.html.main$.apply(main.template.scala:39)
	at views.html.main$.apply(main.template.scala:39)
	at views.html.main$.apply(main.template.scala:39)
	at views.html.main$.apply(main.template.scala:39)
	at views.html.main$.apply(main.template.scala:39)
	at views.html.main$.apply(main.template.scala:39)
	at views.html.main$.apply(main.template.scala:39)
	at views.html.main$.apply(main.template.scala:39)
	at views.html.main$.apply(main.template.scala:39)
	at views.html.main$.apply(main.template.scala:39)
	at views.html.main$.apply(main.template.scala:39)
	at views.html.main$.apply(main.template.scala:39)
	at views.html.main$.apply(main.template.scala:39)
	at views.html.main$.apply(main.template.scala:39)
	at views.html.main$.apply(main.template.scala:39)
	at views.html.main$.apply(main.template.scala:39)
	at views.html.main$.apply(main.template.scala:39)
	at views.html.main$.apply(main.template.scala:39)
	at views.html.main$.apply(main.template.scala:39)
	at views.html.main$.apply(main.template.scala:39)
	at views.html.main$.apply(main.template.scala:39)
	at views.html.main$.apply(main.template.scala:39)
	at views.html.main$.apply(main.template.scala:39)
	at views.html.main$.apply(main.template.scala:39)
	at views.html.main$.apply(main.template.scala:39)
	at views.html.main$.apply(main.template.scala:39)
	at views.html.main$.apply(main.template.scala:39)
	at views.html.main$.apply(main.template.scala:39)
	at views.html.main$.apply(main.template.scala:39)
	at views.html.main$.apply(main.template.scala:39)
	at views.html.main$.apply(main.template.scala:39)
	at views.html.main$.apply(main.template.scala:39)
	at views.html.main$.apply(main.template.scala:39)
	at views.html.main$.apply(main.template.scala:39)
	at views.html.main$.apply(main.template.scala:39)
	at views.html.main$.apply(main.template.scala:39)
	at views.html.main$.apply(main.template.scala:39)
	at views.html.main$.apply(main.template.scala:39)
	at views.html.main$.apply(main.template.scala:39)
	at views.html.main$.apply(main.template.scala:39)
	at views.html.main$.apply(main.template.scala:39)
	at views.html.main$.apply(main.template.scala:39)
	at views.html.main$.apply(main.template.scala:39)
	at views.html.main$.apply(main.template.scala:39)
	at views.html.main$.apply(main.template.scala:39)
	at views.html.main$.apply(main.template.scala:39)
	at views.html.main$.apply(main.template.scala:39)
	at views.html.main$.apply(main.template.scala:39)
	at views.html.main$.apply(main.template.scala:39)
	at views.html.main$.apply(main.template.scala:39)
	at views.html.main$.apply(main.template.scala:39)
	at views.html.main$.apply(main.template.scala:39)
	at views.html.main$.apply(main.template.scala:39)
	at views.html.main$.apply(main.template.scala:39)
	at views.html.main$.apply(main.template.scala:39)
	at views.html.main$.apply(main.template.scala:39)
	at views.html.main$.apply(main.template.scala:39)
	at views.html.main$.apply(main.template.scala:39)
	at views.html.main$.apply(main.template.scala:39)
	at views.html.main$.apply(main.template.scala:39)
	at views.html.main$.apply(main.template.scala:39)
	at views.html.main$.apply(main.template.scala:39)
	at views.html.main$.apply(main.template.scala:39)
	at views.html.main$.apply(main.template.scala:39)
	at views.html.main$.apply(main.template.scala:39)
	at views.html.main$.apply(main.template.scala:39)
	at views.html.main$.apply(main.template.scala:39)
	at views.html.main$.apply(main.template.scala:39)
	at views.html.main$.apply(main.template.scala:39)
	at views.html.main$.apply(main.template.scala:39)
	at views.html.main$.apply(main.template.scala:39)
	at views.html.main$.apply(main.template.scala:39)
	at views.html.main$.apply(main.template.scala:39)
	at views.html.main$.apply(main.template.scala:39)
	at views.html.main$.apply(main.template.scala:39)
	at views.html.main$.apply(main.template.scala:39)
	at views.html.main$.apply(main.template.scala:39)
	at views.html.main$.apply(main.template.scala:39)
	at views.html.main$.apply(main.template.scala:39)
	at views.html.main$.apply(main.template.scala:39)
	at views.html.main$.apply(main.template.scala:39)
	at views.html.main$.apply(main.template.scala:39)
	at views.html.main$.apply(main.template.scala:39)
	at views.html.main$.apply(main.template.scala:39)
	at views.html.main$.apply(main.template.scala:39)
	at views.html.main$.apply(main.template.scala:39)
	at views.html.main$.apply(main.template.scala:39)
	at views.html.main$.apply(main.template.scala:39)
	at views.html.main$.apply(main.template.scala:39)
	at views.html.main$.apply(main.template.scala:39)
	at views.html.main$.apply(main.template.scala:39)
	at views.html.main$.apply(main.template.scala:39)
	at views.html.main$.apply(main.template.scala:39)
	at views.html.main$.apply(main.template.scala:39)
	at views.html.main$.apply(main.template.scala:39)
	at views.html.main$.apply(main.template.scala:39)
	at views.html.main$.apply(main.template.scala:39)
	at views.html.main$.apply(main.template.scala:39)
	at views.html.main$.apply(main.template.scala:39)
	at views.html.main$.apply(main.template.scala:39)
	at views.html.main$.apply(main.template.scala:39)
	at views.html.main$.apply(main.template.scala:39)
	at views.html.main$.apply(main.template.scala:39)
	at views.html.main$.apply(main.template.scala:39)
	at views.html.main$.apply(main.template.scala:39)
	at views.html.main$.apply(main.template.scala:39)
	at views.html.main$.apply(main.template.scala:39)
	at views.html.main$.apply(main.template.scala:39)
	at views.html.main$.apply(main.template.scala:39)
	at views.html.main$.apply(main.template.scala:39)
	at views.html.main$.apply(main.template.scala:39)
	at views.html.main$.apply(main.template.scala:39)
	at views.html.main$.apply(main.template.scala:39)
	at views.html.main$.apply(main.template.scala:39)
	at views.html.main$.apply(main.template.scala:39)
	at views.html.main$.apply(main.template.scala:39)
	at views.html.main$.apply(main.template.scala:39)
	at views.html.main$.apply(main.template.scala:39)
	at views.html.main$.apply(main.template.scala:39)
	at views.html.main$.apply(main.template.scala:39)
	at views.html.main$.apply(main.template.scala:39)
	at views.html.main$.apply(main.template.scala:39)
	at views.html.main$.apply(main.template.scala:39)
	at views.html.main$.apply(main.template.scala:39)
	at views.html.main$.apply(main.template.scala:39)
	at views.html.main$.apply(main.template.scala:39)
	at views.html.main$.apply(main.template.scala:39)
	at views.html.main$.apply(main.template.scala:39)
	at views.html.main$.apply(main.template.scala:39)
	at views.html.main$.apply(main.template.scala:39)
	at views.html.main$.apply(main.template.scala:39)
	at views.html.main$.apply(main.template.scala:39)
	at views.html.main$.apply(main.template.scala:39)
	at views.html.main$.apply(main.template.scala:39)
	at views.html.main$.apply(main.template.scala:39)
	at views.html.main$.apply(main.template.scala:39)
	at views.html.main$.apply(main.template.scala:39)
	at views.html.main$.apply(main.template.scala:39)
	at views.html.main$.apply(main.template.scala:39)
	at views.html.main$.apply(main.template.scala:39)
	at views.html.main$.apply(main.template.scala:39)
	at views.html.main$.apply(main.template.scala:39)
	at views.html.main$.apply(main.template.scala:39)
	at views.html.main$.apply(main.template.scala:39)
	at views.html.main$.apply(main.template.scala:39)
	at views.html.main$.apply(main.template.scala:39)
	at views.html.main$.apply(main.template.scala:39)
	at views.html.main$.apply(main.template.scala:39)
	at views.html.main$.apply(main.template.scala:39)
	at views.html.main$.apply(main.template.scala:39)
	at views.html.main$.apply(main.template.scala:39)
	at views.html.main$.apply(main.template.scala:39)
	at views.html.main$.apply(main.template.scala:39)
	at views.html.main$.apply(main.template.scala:39)
	at views.html.main$.apply(main.template.scala:39)
	at views.html.main$.apply(main.template.scala:39)
	at views.html.main$.apply(main.template.scala:39)
	at views.html.main$.apply(main.template.scala:39)
	at views.html.main$.apply(main.template.scala:39)
	at views.html.main$.apply(main.template.scala:39)
	at views.html.main$.apply(main.template.scala:39)
	at views.html.main$.apply(main.template.scala:39)
	at views.html.main$.apply(main.template.scala:39)
	at views.html.main$.apply(main.template.scala:39)
	at views.html.main$.apply(main.template.scala:39)
	at views.html.main$.apply(main.template.scala:39)
	at views.html.main$.apply(main.template.scala:39)
	at views.html.main$.apply(main.template.scala:39)
	at views.html.main$.apply(main.template.scala:39)
	at views.html.main$.apply(main.template.scala:39)
	at views.html.main$.apply(main.template.scala:39)
	at views.html.main$.apply(main.template.scala:39)
	at views.html.main$.apply(main.template.scala:39)
	at views.html.main$.apply(main.template.scala:39)
	at views.html.main$.apply(main.template.scala:39)
	at views.html.main$.apply(main.template.scala:39)
	at views.html.main$.apply(main.template.scala:39)
	at views.html.main$.apply(main.template.scala:39)
	at views.html.main$.apply(main.template.scala:39)
	at views.html.main$.apply(main.template.scala:39)
	at views.html.main$.apply(main.template.scala:39)
	at views.html.main$.apply(main.template.scala:39)
	at views.html.main$.apply(main.template.scala:39)
	at views.html.main$.apply(main.template.scala:39)
	at views.html.main$.apply(main.template.scala:39)
	at views.html.main$.apply(main.template.scala:39)
	at views.html.main$.apply(main.template.scala:39)
	at views.html.main$.apply(main.template.scala:39)
	at views.html.main$.apply(main.template.scala:39)
	at views.html.main$.apply(main.template.scala:39)
	at views.html.main$.apply(main.template.scala:39)
	at views.html.main$.apply(main.template.scala:39)
	at views.html.main$.apply(main.template.scala:39)
	at views.html.main$.apply(main.template.scala:39)
	at views.html.main$.apply(main.template.scala:39)
	at views.html.main$.apply(main.template.scala:39)
	at views.html.main$.apply(main.template.scala:39)
	at views.html.main$.apply(main.template.scala:39)
	at views.html.main$.apply(main.template.scala:39)
	at views.html.main$.apply(main.template.scala:39)
	at views.html.main$.apply(main.template.scala:39)
	at views.html.main$.apply(main.template.scala:39)
	at views.html.main$.apply(main.template.scala:39)
	at views.html.main$.apply(main.template.scala:39)
	at views.html.main$.apply(main.template.scala:39)
	at views.html.main$.apply(main.template.scala:39)
	at views.html.main$.apply(main.template.scala:39)
	at views.html.main$.apply(main.template.scala:39)
	at views.html.main$.apply(main.template.scala:39)
	at views.html.main$.apply(main.template.scala:39)
	at views.html.main$.apply(main.template.scala:39)
	at views.html.main$.apply(main.template.scala:39)
	at views.html.main$.apply(main.template.scala:39)
	at views.html.main$.apply(main.template.scala:39)
	at views.html.main$.apply(main.template.scala:39)
	at views.html.main$.apply(main.template.scala:39)
	at views.html.main$.apply(main.template.scala:39)
	at views.html.main$.apply(main.template.scala:39)
	at views.html.main$.apply(main.template.scala:39)
	at views.html.main$.apply(main.template.scala:39)
	at views.html.main$.apply(main.template.scala:39)
	at views.html.main$.apply(main.template.scala:39)
	at views.html.main$.apply(main.template.scala:39)
	at views.html.main$.apply(main.template.scala:39)
	at views.html.main$.apply(main.template.scala:39)
	at views.html.main$.apply(main.template.scala:39)
	at views.html.main$.apply(main.template.scala:39)
	at views.html.main$.apply(main.template.scala:39)
	at views.html.main$.apply(main.template.scala:39)
	at views.html.main$.apply(main.template.scala:39)
	at views.html.main$.apply(main.template.scala:39)
	at views.html.main$.apply(main.template.scala:39)
	at views.html.main$.apply(main.template.scala:39)
	at views.html.main$.apply(main.template.scala:39)
	at views.html.main$.apply(main.template.scala:39)
	at views.html.main$.apply(main.template.scala:39)
	at views.html.main$.apply(main.template.scala:39)
	at views.html.main$.apply(main.template.scala:39)
	at views.html.main$.apply(main.template.scala:39)
	at views.html.main$.apply(main.template.scala:39)
	at views.html.main$.apply(main.template.scala:39)
	at views.html.main$.apply(main.template.scala:39)
	at views.html.main$.apply(main.template.scala:39)
	at views.html.main$.apply(main.template.scala:39)
	at views.html.main$.apply(main.template.scala:39)
	at views.html.main$.apply(main.template.scala:39)
	at views.html.main$.apply(main.template.scala:39)
	at views.html.main$.apply(main.template.scala:39)
	at views.html.main$.apply(main.template.scala:39)
	at views.html.main$.apply(main.template.scala:39)
	at views.html.main$.apply(main.template.scala:39)
	at views.html.main$.apply(main.template.scala:39)
	at views.html.main$.apply(main.template.scala:39)
	at views.html.main$.apply(main.template.scala:39)
	at views.html.main$.apply(main.template.scala:39)
	at views.html.main$.apply(main.template.scala:39)
	at views.html.main$.apply(main.template.scala:39)
	at views.html.main$.apply(main.template.scala:39)
	at views.html.main$.apply(main.template.scala:39)
	at views.html.main$.apply(main.template.scala:39)
	at views.html.main$.apply(main.template.scala:39)
	at views.html.main$.apply(main.template.scala:39)
	at views.html.main$.apply(main.template.scala:39)
	at views.html.main$.apply(main.template.scala:39)
	at views.html.main$.apply(main.template.scala:39)
	at views.html.main$.apply(main.template.scala:39)
	at views.html.main$.apply(main.template.scala:39)
	at views.html.main$.apply(main.template.scala:39)
	at views.html.main$.apply(main.template.scala:39)
	at views.html.main$.apply(main.template.scala:39)
	at views.html.main$.apply(main.template.scala:39)
	at views.html.main$.apply(main.template.scala:39)
	at views.html.main$.apply(main.template.scala:39)
	at views.html.main$.apply(main.template.scala:39)
	at views.html.main$.apply(main.template.scala:39)
	at views.html.main$.apply(main.template.scala:39)
	at views.html.main$.apply(main.template.scala:39)
	at views.html.main$.apply(main.template.scala:39)
	at views.html.main$.apply(main.template.scala:39)
	at views.html.main$.apply(main.template.scala:39)
	at views.html.main$.apply(main.template.scala:39)
	at views.html.main$.apply(main.template.scala:39)
	at views.html.main$.apply(main.template.scala:39)
	at views.html.main$.apply(main.template.scala:39)
	at views.html.main$.apply(main.template.scala:39)
	at views.html.main$.apply(main.template.scala:39)
	at views.html.main$.apply(main.template.scala:39)
	at views.html.main$.apply(main.template.scala:39)
	at views.html.main$.apply(main.template.scala:39)
	at views.html.main$.apply(main.template.scala:39)
	at views.html.main$.apply(main.template.scala:39)
	at views.html.main$.apply(main.template.scala:39)
	at views.html.main$.apply(main.template.scala:39)
	at views.html.main$.apply(main.template.scala:39)
	at views.html.main$.apply(main.template.scala:39)
	at views.html.main$.apply(main.template.scala:39)
	at views.html.main$.apply(main.template.scala:39)
	at views.html.main$.apply(main.template.scala:39)
	at views.html.main$.apply(main.template.scala:39)
	at views.html.main$.apply(main.template.scala:39)
	at views.html.main$.apply(main.template.scala:39)
	at views.html.main$.apply(main.template.scala:39)
	at views.html.main$.apply(main.template.scala:39)
	at views.html.main$.apply(main.template.scala:39)
	at views.html.main$.apply(main.template.scala:39)
	at views.html.main$.apply(main.template.scala:39)
	at views.html.main$.apply(main.template.scala:39)
	at views.html.main$.apply(main.template.scala:39)
	at views.html.main$.apply(main.template.scala:39)
	at views.html.main$.apply(main.template.scala:39)
	at views.html.main$.apply(main.template.scala:39)
	at views.html.main$.apply(main.template.scala:39)
	at views.html.main$.apply(main.template.scala:39)
	at views.html.main$.apply(main.template.scala:39)
	at views.html.main$.apply(main.template.scala:39)
	at views.html.main$.apply(main.template.scala:39)
	at views.html.main$.apply(main.template.scala:39)
	at views.html.main$.apply(main.template.scala:39)
	at views.html.main$.apply(main.template.scala:39)
	at views.html.main$.apply(main.template.scala:39)
	at views.html.main$.apply(main.template.scala:39)
	at views.html.main$.apply(main.template.scala:39)
	at views.html.main$.apply(main.template.scala:39)
	at views.html.main$.apply(main.template.scala:39)
	at views.html.main$.apply(main.template.scala:39)
	at views.html.main$.apply(main.template.scala:39)
	at views.html.main$.apply(main.template.scala:39)
	at views.html.main$.apply(main.template.scala:39)
	at views.html.main$.apply(main.template.scala:39)
	at views.html.main$.apply(main.template.scala:39)
	at views.html.main$.apply(main.template.scala:39)
	at views.html.main$.apply(main.template.scala:39)
	at views.html.main$.apply(main.template.scala:39)
	at views.html.main$.apply(main.template.scala:39)
	at views.html.main$.apply(main.template.scala:39)
	at views.html.main$.apply(main.template.scala:39)
	at views.html.main$.apply(main.template.scala:39)
	at views.html.main$.apply(main.template.scala:39)
	at views.html.main$.apply(main.template.scala:39)
	at views.html.main$.apply(main.template.scala:39)
	at views.html.main$.apply(main.template.scala:39)
	at views.html.main$.apply(main.template.scala:39)
	at views.html.main$.apply(main.template.scala:39)
	at views.html.main$.apply(main.template.scala:39)
	at views.html.main$.apply(main.template.scala:39)
	at views.html.main$.apply(main.template.scala:39)
	at views.html.main$.apply(main.template.scala:39)
	at views.html.main$.apply(main.template.scala:39)
	at views.html.main$.apply(main.template.scala:39)
	at views.html.main$.apply(main.template.scala:39)
	at views.html.main$.apply(main.template.scala:39)
	at views.html.main$.apply(main.template.scala:39)
	at views.html.main$.apply(main.template.scala:39)
	at views.html.main$.apply(main.template.scala:39)
	at views.html.main$.apply(main.template.scala:39)
	at views.html.main$.apply(main.template.scala:39)
	at views.html.main$.apply(main.template.scala:39)
	at views.html.main$.apply(main.template.scala:39)
	at views.html.main$.apply(main.template.scala:39)
	at views.html.main$.apply(main.template.scala:39)
	at views.html.main$.apply(main.template.scala:39)
	at views.html.main$.apply(main.template.scala:39)
	at views.html.main$.apply(main.template.scala:39)
	at views.html.main$.apply(main.template.scala:39)
	at views.html.main$.apply(main.template.scala:39)
	at views.html.main$.apply(main.template.scala:39)
	at views.html.main$.apply(main.template.scala:39)
	at views.html.main$.apply(main.template.scala:39)
	at views.html.main$.apply(main.template.scala:39)
	at views.html.main$.apply(main.template.scala:39)
	at views.html.main$.apply(main.template.scala:39)
	at views.html.main$.apply(main.template.scala:39)
	at views.html.main$.apply(main.template.scala:39)
	at views.html.main$.apply(main.template.scala:39)
	at views.html.main$.apply(main.template.scala:39)
	at views.html.main$.apply(main.template.scala:39)
	at views.html.main$.apply(main.template.scala:39)
	at views.html.main$.apply(main.template.scala:39)
	at views.html.main$.apply(main.template.scala:39)
	at views.html.main$.apply(main.template.scala:39)
	at views.html.main$.apply(main.template.scala:39)
	at views.html.main$.apply(main.template.scala:39)
	at views.html.main$.apply(main.template.scala:39)
	at views.html.main$.apply(main.template.scala:39)
	at views.html.main$.apply(main.template.scala:39)
	at views.html.main$.apply(main.template.scala:39)
	at views.html.main$.apply(main.template.scala:39)
	at views.html.main$.apply(main.template.scala:39)
	at views.html.main$.apply(main.template.scala:39)
	at views.html.main$.apply(main.template.scala:39)
	at views.html.main$.apply(main.template.scala:39)
	at views.html.main$.apply(main.template.scala:39)
	at views.html.main$.apply(main.template.scala:39)
	at views.html.main$.apply(main.template.scala:39)
	at views.html.main$.apply(main.template.scala:39)
	at views.html.main$.apply(main.template.scala:39)
	at views.html.main$.apply(main.template.scala:39)
	at views.html.main$.apply(main.template.scala:39)
	at views.html.main$.apply(main.template.scala:39)
	at views.html.main$.apply(main.template.scala:39)
	at views.html.main$.apply(main.template.scala:39)
	at views.html.main$.apply(main.template.scala:39)
	at views.html.main$.apply(main.template.scala:39)
	at views.html.main$.apply(main.template.scala:39)
	at views.html.main$.apply(main.template.scala:39)
	at views.html.main$.apply(main.template.scala:39)
	at views.html.main$.apply(main.template.scala:39)
	at views.html.main$.apply(main.template.scala:39)
	at views.html.main$.apply(main.template.scala:39)
	at views.html.main$.apply(main.template.scala:39)
	at views.html.main$.apply(main.template.scala:39)
	at views.html.main$.apply(main.template.scala:39)
	at views.html.main$.apply(main.template.scala:39)
	at views.html.main$.apply(main.template.scala:39)
	at views.html.main$.apply(main.template.scala:39)
	at views.html.main$.apply(main.template.scala:39)
	at views.html.main$.apply(main.template.scala:39)
	at views.html.main$.apply(main.template.scala:39)
	at views.html.main$.apply(main.template.scala:39)
	at views.html.main$.apply(main.template.scala:39)
	at views.html.main$.apply(main.template.scala:39)
	at views.html.main$.apply(main.template.scala:39)
	at views.html.main$.apply(main.template.scala:39)
	at views.html.main$.apply(main.template.scala:39)
	at views.html.main$.apply(main.template.scala:39)
	at views.html.main$.apply(main.template.scala:39)
	at views.html.main$.apply(main.template.scala:39)
	at views.html.main$.apply(main.template.scala:39)
	at views.html.main$.apply(main.template.scala:39)
	at views.html.main$.apply(main.template.scala:39)
	at views.html.main$.apply(main.template.scala:39)
	at views.html.main$.apply(main.template.scala:39)
	at views.html.main$.apply(main.template.scala:39)
	at views.html.main$.apply(main.template.scala:39)
	at views.html.main$.apply(main.template.scala:39)
	at views.html.main$.apply(main.template.scala:39)
	at views.html.main$.apply(main.template.scala:39)
	at views.html.main$.apply(main.template.scala:39)
	at views.html.main$.apply(main.template.scala:39)
	at views.html.main$.apply(main.template.scala:39)
	at views.html.main$.apply(main.template.scala:39)
	at views.html.main$.apply(main.template.scala:39)
	at views.html.main$.apply(main.template.scala:39)
	at views.html.main$.apply(main.template.scala:39)
	at views.html.main$.apply(main.template.scala:39)
	at views.html.main$.apply(main.template.scala:39)
	at views.html.main$.apply(main.template.scala:39)
	at views.html.main$.apply(main.template.scala:39)
	at views.html.main$.apply(main.template.scala:39)
	at views.html.main$.apply(main.template.scala:39)
	at views.html.main$.apply(main.template.scala:39)
	at views.html.main$.apply(main.template.scala:39)
	at views.html.main$.apply(main.template.scala:39)
	at views.html.main$.apply(main.template.scala:39)
	at views.html.main$.apply(main.template.scala:39)
	at views.html.main$.apply(main.template.scala:39)
	at views.html.main$.apply(main.template.scala:39)
	at views.html.main$.apply(main.template.scala:39)
	at views.html.main$.apply(main.template.scala:39)
	at views.html.main$.apply(main.template.scala:39)
	at views.html.main$.apply(main.template.scala:39)
	at views.html.main$.apply(main.template.scala:39)
	at views.html.main$.apply(main.template.scala:39)
	at views.html.main$.apply(main.template.scala:39)
	at views.html.main$.apply(main.template.scala:39)
	at views.html.main$.apply(main.template.scala:39)
	at views.html.main$.apply(main.template.scala:39)
	at views.html.main$.apply(main.template.scala:39)
	at views.html.main$.apply(main.template.scala:39)
	at views.html.main$.apply(main.template.scala:39)
	at views.html.main$.apply(main.template.scala:39)
	at views.html.main$.apply(main.template.scala:39)
	at views.html.main$.apply(main.template.scala:39)
	at views.html.main$.apply(main.template.scala:39)
	at views.html.main$.apply(main.template.scala:39)
	at views.html.main$.apply(main.template.scala:39)
	at views.html.main$.apply(main.template.scala:39)
	at views.html.main$.apply(main.template.scala:39)
	at views.html.main$.apply(main.template.scala:39)
	at views.html.main$.apply(main.template.scala:39)
	at views.html.main$.apply(main.template.scala:39)
	at views.html.main$.apply(main.template.scala:39)
	at views.html.main$.apply(main.template.scala:39)
	at views.html.main$.apply(main.template.scala:39)
	at views.html.main$.apply(main.template.scala:39)
	at views.html.main$.apply(main.template.scala:39)
	at views.html.main$.apply(main.template.scala:39)
	at views.html.main$.apply(main.template.scala:39)
	at views.html.main$.apply(main.template.scala:39)
	at views.html.main$.apply(main.template.scala:39)
	at views.html.main$.apply(main.template.scala:39)
	at views.html.main$.apply(main.template.scala:39)
	at views.html.main$.apply(main.template.scala:39)
	at views.html.main$.apply(main.template.scala:39)
	at views.html.main$.apply(main.template.scala:39)
	at views.html.main$.apply(main.template.scala:39)
	at views.html.main$.apply(main.template.scala:39)
	at views.html.main$.apply(main.template.scala:39)
	at views.html.main$.apply(main.template.scala:39)
	at views.html.main$.apply(main.template.scala:39)
	at views.html.main$.apply(main.template.scala:39)
	at views.html.main$.apply(main.template.scala:39)
	at views.html.main$.apply(main.template.scala:39)
	at views.html.main$.apply(main.template.scala:39)
	at views.html.main$.apply(main.template.scala:39)
	at views.html.main$.apply(main.template.scala:39)
	at views.html.main$.apply(main.template.scala:39)
	at views.html.main$.apply(main.template.scala:39)
	at views.html.main$.apply(main.template.scala:39)
	at views.html.main$.apply(main.template.scala:39)
	at views.html.main$.apply(main.template.scala:39)
	at views.html.main$.apply(main.template.scala:39)
	at views.html.main$.apply(main.template.scala:39)
	at views.html.main$.apply(main.template.scala:39)
	at views.html.main$.apply(main.template.scala:39)
	at views.html.main$.apply(main.template.scala:39)
	at views.html.main$.apply(main.template.scala:39)
	at views.html.main$.apply(main.template.scala:39)
	at views.html.main$.apply(main.template.scala:39)
	at views.html.main$.apply(main.template.scala:39)
	at views.html.main$.apply(main.template.scala:39)
	at views.html.main$.apply(main.template.scala:39)
	at views.html.main$.apply(main.template.scala:39)
	at views.html.main$.apply(main.template.scala:39)
	at views.html.main$.apply(main.template.scala:39)
	at views.html.main$.apply(main.template.scala:39)
	at views.html.main$.apply(main.template.scala:39)
	at views.html.main$.apply(main.template.scala:39)
	at views.html.main$.apply(main.template.scala:39)
	at views.html.main$.apply(main.template.scala:39)
	at views.html.main$.apply(main.template.scala:39)
